Arguments: 
  C:\Program Files\nodejs\node.exe C:\Users\timid\AppData\Roaming\npm\node_modules\yarn\bin\yarn.js start

PATH: 
  C:\VulkanSDK\1.3.261.1\Bin;C:\Program Files\PlasticSCM5\server;C:\Program Files\PlasticSCM5\client;C:\Program Files\Common Files\Oracle\Java\javapath;C:\Windows\system32;C:\Windows;C:\Windows\System32\Wbem;C:\Windows\System32\WindowsPowerShell\v1.0\;C:\Windows\System32\OpenSSH\;C:\Program Files\Git\cmd;C:\ProgramData\chocolatey\bin;C:\Users\timid\AppData\Local\Android\Sdk\platform-tools;C:\Program Files\nodejs\;C:\Python310\Scripts\;;C:\Program Files\NVIDIA Corporation\NVIDIA NvDLISR;C:\Program Files (x86)\NVIDIA Corporation\PhysX\Common;C:\Program Files\dotnet\;C;C:\Ruby32-x64\bin;C:\Users\timid\AppData\Local\Programs\Python\Python39\Scripts\;C:\Users\timid\AppData\Local\Programs\Python\Python39\;C:\Python310\;C:\Users\timid\AppData\Local\Programs\Python\Python310\Scripts\;C:\Users\timid\AppData\Local\Programs\Python\Python310\;C:\Users\timid\AppData\Local\Microsoft\WindowsApps;C:\Users\timid\AppData\Local\Programs\Microsoft VS Code\bin;C:\Users\timid\AppData\Local\gitkraken\bin;C:\Users\timid\AppData\Local\spicetify;C:\Users\timid\AppData\Roaming\npm;C:\Users\timid\ffmpeg-master-latest-win64-gpl\bin;C:\Users\timid\.dotnet\tools;C:\Users\timid\SDKs\flutter\bin;C:\Users\timid\AppData\Local\Pub\Cache\bin

Yarn version: 
  1.22.19

Node version: 
  18.13.0

Platform: 
  win32 x64

Trace: 
  TypeError [ERR_INVALID_ARG_TYPE]: The "path" argument must be of type string. Received [Object: null prototype]
      at new NodeError (node:internal/errors:400:5)
      at validateString (node:internal/validators:163:11)
      at Object.isAbsolute (node:path:403:5)
      at module.exports.exports.default (C:\Users\timid\AppData\Roaming\npm\node_modules\yarn\lib\cli.js:97087:16)
      at C:\Users\timid\AppData\Roaming\npm\node_modules\yarn\lib\cli.js:51330:63
      at Generator.next (<anonymous>)
      at step (C:\Users\timid\AppData\Roaming\npm\node_modules\yarn\lib\cli.js:310:30)
      at C:\Users\timid\AppData\Roaming\npm\node_modules\yarn\lib\cli.js:321:13

npm manifest: 
  {
    "requires": true,
    "lockfileVersion": 1,
    "dependencies": {
      "fuzzysearch": {
        "integrity": "sha1-3/yA9tawQiPyImqnndGUIxCW0Ag=",
        "resolved": "https://registry.npmjs.org/fuzzysearch/-/fuzzysearch-1.0.3.tgz",
        "version": "1.0.3"
      },
      "simple-jekyll-search": "^1.9.2"
    }
  }

yarn manifest: 
  No manifest

Lockfile: 
  No lockfile
